May 29, 2017 8:39:35 PM codeu.chat.SimpleGuiClientMain main
INFO: ============================= START OF LOG =============================
May 29, 2017 8:39:35 PM codeu.chat.SimpleGuiClientMain main
INFO: Starting chat client...
May 29, 2017 8:39:35 PM codeu.chat.SimpleGuiClientMain main
INFO: Creating client...
May 29, 2017 8:39:35 PM codeu.chat.SimpleGuiClientMain runClient
INFO: Created client
May 29, 2017 8:39:36 PM codeu.chat.client.ClientMessage updateMessages
SEVERE: conversation argument is null - do nothing.
May 29, 2017 8:39:38 PM codeu.chat.SimpleGuiClientMain runClient
INFO: chat client is running.
May 29, 2017 8:39:46 PM codeu.chat.client.ClientMessage updateMessages
INFO: ConversationHead: Title="Chatting with BB Neel" UUID=[UUID:100.421776267] first=[UUID:100.1044845869] last=[UUID:100.2394862637]

May 29, 2017 8:39:46 PM codeu.chat.client.ClientMessage getCurrentMessageFetchId
INFO: Refetch all messages: replaceAll=true firstMessage=[UUID:100.1044845869]
May 29, 2017 8:39:46 PM codeu.chat.client.ClientMessage updateMessages
INFO: Retrieved 3 messages for conversation [UUID:100.421776267] (Chatting with BB Neel).

May 29, 2017 8:39:55 PM codeu.chat.client.ClientMessage updateMessages
INFO: ConversationHead: Title="Hello World" UUID=[UUID:100.2175215391] first=[UUID:100.946966168] last=[UUID:100.1250710950]

May 29, 2017 8:39:55 PM codeu.chat.client.ClientMessage getCurrentMessageFetchId
INFO: Refetch all messages: replaceAll=true firstMessage=[UUID:100.946966168]
May 29, 2017 8:39:55 PM codeu.chat.client.ClientMessage updateMessages
INFO: Retrieved 2 messages for conversation [UUID:100.2175215391] (Hello World).

May 29, 2017 8:39:55 PM codeu.chat.client.ClientMessage updateMessages
INFO: ConversationHead: Title="Hiya" UUID=[UUID:100.2663977916] first=[UUID:100.3013248108] last=[UUID:100.3274739473]

May 29, 2017 8:39:55 PM codeu.chat.client.ClientMessage getCurrentMessageFetchId
INFO: Refetch all messages: replaceAll=true firstMessage=[UUID:100.3013248108]
May 29, 2017 8:39:55 PM codeu.chat.client.ClientMessage updateMessages
INFO: Retrieved 2 messages for conversation [UUID:100.2663977916] (Hiya).

May 29, 2017 8:40:52 PM codeu.chat.client.ClientMessage updateMessages
INFO: ConversationHead: Title="Hello World" UUID=[UUID:100.2175215391] first=[UUID:100.946966168] last=[UUID:100.1250710950]

May 29, 2017 8:40:52 PM codeu.chat.client.ClientMessage getCurrentMessageFetchId
INFO: Refetch all messages: replaceAll=true firstMessage=[UUID:100.946966168]
May 29, 2017 8:40:52 PM codeu.chat.client.ClientMessage updateMessages
INFO: Retrieved 2 messages for conversation [UUID:100.2175215391] (Hello World).

May 29, 2017 8:40:52 PM codeu.chat.client.ClientMessage updateMessages
INFO: ConversationHead: Title="Chatting with BB Neel" UUID=[UUID:100.421776267] first=[UUID:100.1044845869] last=[UUID:100.2394862637]

May 29, 2017 8:40:52 PM codeu.chat.client.ClientMessage getCurrentMessageFetchId
INFO: Refetch all messages: replaceAll=true firstMessage=[UUID:100.1044845869]
May 29, 2017 8:40:52 PM codeu.chat.client.ClientMessage updateMessages
INFO: Retrieved 3 messages for conversation [UUID:100.421776267] (Chatting with BB Neel).

May 29, 2017 8:40:52 PM codeu.chat.client.ClientMessage updateMessages
INFO: ConversationHead: Title="Hello World" UUID=[UUID:100.2175215391] first=[UUID:100.946966168] last=[UUID:100.1250710950]

May 29, 2017 8:40:52 PM codeu.chat.client.ClientMessage getCurrentMessageFetchId
INFO: Refetch all messages: replaceAll=true firstMessage=[UUID:100.946966168]
May 29, 2017 8:40:52 PM codeu.chat.client.ClientMessage updateMessages
INFO: Retrieved 2 messages for conversation [UUID:100.2175215391] (Hello World).

May 29, 2017 8:40:52 PM codeu.chat.client.ClientMessage updateMessages
INFO: ConversationHead: Title="Hiya" UUID=[UUID:100.2663977916] first=[UUID:100.3013248108] last=[UUID:100.3274739473]

May 29, 2017 8:40:52 PM codeu.chat.client.ClientMessage getCurrentMessageFetchId
INFO: Refetch all messages: replaceAll=true firstMessage=[UUID:100.3013248108]
May 29, 2017 8:40:52 PM codeu.chat.client.ClientMessage updateMessages
INFO: Retrieved 2 messages for conversation [UUID:100.2663977916] (Hiya).

May 29, 2017 8:40:52 PM codeu.chat.client.ClientMessage updateMessages
INFO: ConversationHead: Title="Hello World" UUID=[UUID:100.2175215391] first=[UUID:100.946966168] last=[UUID:100.1250710950]

May 29, 2017 8:40:52 PM codeu.chat.client.ClientMessage getCurrentMessageFetchId
INFO: Refetch all messages: replaceAll=true firstMessage=[UUID:100.946966168]
May 29, 2017 8:40:52 PM codeu.chat.client.ClientMessage updateMessages
INFO: Retrieved 2 messages for conversation [UUID:100.2175215391] (Hello World).

May 29, 2017 8:40:52 PM codeu.chat.client.ClientMessage updateMessages
INFO: ConversationHead: Title="Chatting with BB Neel" UUID=[UUID:100.421776267] first=[UUID:100.1044845869] last=[UUID:100.2394862637]

May 29, 2017 8:40:52 PM codeu.chat.client.ClientMessage getCurrentMessageFetchId
INFO: Refetch all messages: replaceAll=true firstMessage=[UUID:100.1044845869]
May 29, 2017 8:40:52 PM codeu.chat.client.ClientMessage updateMessages
INFO: Retrieved 3 messages for conversation [UUID:100.421776267] (Chatting with BB Neel).

May 29, 2017 8:40:52 PM codeu.chat.client.ClientMessage updateMessages
INFO: ConversationHead: Title="Hello World" UUID=[UUID:100.2175215391] first=[UUID:100.946966168] last=[UUID:100.1250710950]

May 29, 2017 8:40:52 PM codeu.chat.client.ClientMessage getCurrentMessageFetchId
INFO: Refetch all messages: replaceAll=true firstMessage=[UUID:100.946966168]
May 29, 2017 8:40:52 PM codeu.chat.client.ClientMessage updateMessages
INFO: Retrieved 2 messages for conversation [UUID:100.2175215391] (Hello World).

May 29, 2017 8:40:52 PM codeu.chat.client.ClientMessage updateMessages
INFO: ConversationHead: Title="Hiya" UUID=[UUID:100.2663977916] first=[UUID:100.3013248108] last=[UUID:100.3274739473]

May 29, 2017 8:40:52 PM codeu.chat.client.ClientMessage getCurrentMessageFetchId
INFO: Refetch all messages: replaceAll=true firstMessage=[UUID:100.3013248108]
May 29, 2017 8:40:52 PM codeu.chat.client.ClientMessage updateMessages
INFO: Retrieved 2 messages for conversation [UUID:100.2663977916] (Hiya).

May 29, 2017 8:40:53 PM codeu.chat.client.ClientMessage updateMessages
INFO: ConversationHead: Title="Chatting with BB Neel" UUID=[UUID:100.421776267] first=[UUID:100.1044845869] last=[UUID:100.2394862637]

May 29, 2017 8:40:53 PM codeu.chat.client.ClientMessage getCurrentMessageFetchId
INFO: Refetch all messages: replaceAll=true firstMessage=[UUID:100.1044845869]
May 29, 2017 8:40:53 PM codeu.chat.client.ClientMessage updateMessages
INFO: Retrieved 3 messages for conversation [UUID:100.421776267] (Chatting with BB Neel).

May 29, 2017 8:40:53 PM codeu.chat.client.ClientMessage updateMessages
INFO: ConversationHead: Title="Hello World" UUID=[UUID:100.2175215391] first=[UUID:100.946966168] last=[UUID:100.1250710950]

May 29, 2017 8:40:53 PM codeu.chat.client.ClientMessage getCurrentMessageFetchId
INFO: Refetch all messages: replaceAll=true firstMessage=[UUID:100.946966168]
May 29, 2017 8:40:53 PM codeu.chat.client.ClientMessage updateMessages
INFO: Retrieved 2 messages for conversation [UUID:100.2175215391] (Hello World).

May 29, 2017 8:40:53 PM codeu.chat.client.ClientMessage updateMessages
INFO: ConversationHead: Title="Hiya" UUID=[UUID:100.2663977916] first=[UUID:100.3013248108] last=[UUID:100.3274739473]

May 29, 2017 8:40:53 PM codeu.chat.client.ClientMessage getCurrentMessageFetchId
INFO: Refetch all messages: replaceAll=true firstMessage=[UUID:100.3013248108]
May 29, 2017 8:40:53 PM codeu.chat.client.ClientMessage updateMessages
INFO: Retrieved 2 messages for conversation [UUID:100.2663977916] (Hiya).

May 29, 2017 8:40:53 PM codeu.chat.client.ClientMessage updateMessages
INFO: ConversationHead: Title="Chatting with BB Neel" UUID=[UUID:100.421776267] first=[UUID:100.1044845869] last=[UUID:100.2394862637]

May 29, 2017 8:40:53 PM codeu.chat.client.ClientMessage getCurrentMessageFetchId
INFO: Refetch all messages: replaceAll=true firstMessage=[UUID:100.1044845869]
May 29, 2017 8:40:53 PM codeu.chat.client.ClientMessage updateMessages
INFO: Retrieved 3 messages for conversation [UUID:100.421776267] (Chatting with BB Neel).

May 29, 2017 8:40:53 PM codeu.chat.client.ClientMessage updateMessages
INFO: ConversationHead: Title="Hello World" UUID=[UUID:100.2175215391] first=[UUID:100.946966168] last=[UUID:100.1250710950]

May 29, 2017 8:40:53 PM codeu.chat.client.ClientMessage getCurrentMessageFetchId
INFO: Refetch all messages: replaceAll=true firstMessage=[UUID:100.946966168]
May 29, 2017 8:40:53 PM codeu.chat.client.ClientMessage updateMessages
INFO: Retrieved 2 messages for conversation [UUID:100.2175215391] (Hello World).

May 29, 2017 8:40:53 PM codeu.chat.client.ClientMessage updateMessages
INFO: ConversationHead: Title="Hiya" UUID=[UUID:100.2663977916] first=[UUID:100.3013248108] last=[UUID:100.3274739473]

May 29, 2017 8:40:53 PM codeu.chat.client.ClientMessage getCurrentMessageFetchId
INFO: Refetch all messages: replaceAll=true firstMessage=[UUID:100.3013248108]
May 29, 2017 8:40:53 PM codeu.chat.client.ClientMessage updateMessages
INFO: Retrieved 2 messages for conversation [UUID:100.2663977916] (Hiya).

