Mar 28, 2017 2:05:21 PM codeu.chat.ServerMain main
INFO: ============================= START OF LOG =============================
Mar 28, 2017 2:05:21 PM codeu.chat.ServerMain main
INFO: Starting server...
Mar 28, 2017 2:05:21 PM codeu.chat.ServerMain runServer
INFO: Server object created.
Mar 28, 2017 2:05:21 PM codeu.chat.ServerMain runServer
INFO: Starting hub...
Mar 28, 2017 2:35:39 PM codeu.chat.server.Server handleConnection
INFO: Handling new connection...
Mar 28, 2017 2:35:47 PM codeu.chat.server.Server handleConnection
INFO: Handling new connection...
Mar 28, 2017 2:35:47 PM codeu.chat.server.Controller newUser
INFO: newUser success (user.id=[UUID:100.101.1725889459] user.name=sliu27 user.time=28-Mar-2017 14:35:47.160)
Mar 28, 2017 2:35:47 PM codeu.chat.server.Server handleConnection
INFO: Handling new connection...
Mar 28, 2017 2:35:52 PM codeu.chat.server.Server handleConnection
INFO: Handling new connection...
Mar 28, 2017 2:36:08 PM codeu.chat.server.Server handleConnection
INFO: Handling new connection...
Mar 28, 2017 2:36:08 PM codeu.chat.server.Controller newUser
INFO: newUser success (user.id=[UUID:100.101.3366083558] user.name=addy user.time=28-Mar-2017 14:36:08.326)
Mar 28, 2017 2:36:08 PM codeu.chat.server.Server handleConnection
INFO: Handling new connection...
Mar 28, 2017 2:36:15 PM codeu.chat.server.Server handleConnection
INFO: Handling new connection...
Mar 28, 2017 2:36:15 PM codeu.chat.server.Controller newConversation
INFO: Conversation added: [UUID:100.101.3033603699]
Mar 28, 2017 2:36:15 PM codeu.chat.server.Server handleConnection
INFO: Handling new connection...
Mar 28, 2017 2:36:15 PM codeu.chat.server.Server handleConnection
INFO: Handling new connection...
Mar 28, 2017 2:36:15 PM codeu.chat.server.Server handleConnection
INFO: Handling new connection...
Mar 28, 2017 2:51:42 PM codeu.chat.server.Server handleConnection
INFO: Handling new connection...
Mar 28, 2017 2:51:59 PM codeu.chat.server.Server handleConnection
INFO: Handling new connection...
Mar 28, 2017 2:52:04 PM codeu.chat.server.Server handleConnection
INFO: Handling new connection...
Mar 28, 2017 2:52:04 PM codeu.chat.server.Server handleConnection
INFO: Handling new connection...
Mar 28, 2017 2:52:04 PM codeu.chat.server.Server handleConnection
INFO: Handling new connection...
Mar 28, 2017 2:52:04 PM codeu.chat.server.Server handleConnection
INFO: Handling new connection...
Mar 28, 2017 2:52:24 PM codeu.chat.server.Server handleConnection
INFO: Handling new connection...
Mar 28, 2017 2:52:24 PM codeu.chat.server.Controller newMessage
INFO: Message added: [UUID:100.101.3006724284]
Mar 28, 2017 2:52:24 PM codeu.chat.server.Server handleConnection
INFO: Handling new connection...
Mar 28, 2017 2:52:24 PM codeu.chat.server.Server handleConnection
INFO: Handling new connection...
Mar 28, 2017 2:52:24 PM codeu.chat.server.View getMessages
INFO: in getMessage: UUID=[UUID:100.101.3006724284] range=5
Mar 28, 2017 2:52:29 PM codeu.chat.server.Server handleConnection
INFO: Handling new connection...
Mar 28, 2017 2:52:29 PM codeu.chat.server.Controller newMessage
INFO: Message added: [UUID:100.101.2930845466]
Mar 28, 2017 2:52:29 PM codeu.chat.server.Server handleConnection
INFO: Handling new connection...
Mar 28, 2017 2:52:29 PM codeu.chat.server.Server handleConnection
INFO: Handling new connection...
Mar 28, 2017 2:52:29 PM codeu.chat.server.View getMessages
INFO: in getMessage: UUID=[UUID:100.101.3006724284] range=1
Mar 28, 2017 2:52:29 PM codeu.chat.server.Server handleConnection
INFO: Handling new connection...
Mar 28, 2017 2:52:29 PM codeu.chat.server.View getMessages
INFO: in getMessage: UUID=[UUID:100.101.2930845466] range=5
Mar 28, 2017 3:32:20 PM codeu.chat.server.Server handleConnection
INFO: Handling new connection...
Mar 28, 2017 3:32:26 PM codeu.chat.server.Server handleConnection
INFO: Handling new connection...
Mar 28, 2017 3:46:10 PM codeu.chat.server.Server handleConnection
INFO: Handling new connection...
Mar 28, 2017 3:46:21 PM codeu.chat.server.Server handleConnection
INFO: Handling new connection...
Mar 28, 2017 3:46:26 PM codeu.chat.server.Server handleConnection
INFO: Handling new connection...
Mar 28, 2017 3:46:26 PM codeu.chat.server.Server handleConnection
INFO: Handling new connection...
Mar 28, 2017 3:46:26 PM codeu.chat.server.Server handleConnection
INFO: Handling new connection...
Mar 28, 2017 3:46:26 PM codeu.chat.server.Server handleConnection
INFO: Handling new connection...
Mar 28, 2017 3:46:26 PM codeu.chat.server.View getMessages
INFO: in getMessage: UUID=[UUID:100.101.3006724284] range=5
Mar 28, 2017 3:46:45 PM codeu.chat.server.Server handleConnection
INFO: Handling new connection...
Mar 28, 2017 3:46:45 PM codeu.chat.server.Controller newMessage
INFO: Message added: [UUID:100.101.454968690]
Mar 28, 2017 3:46:45 PM codeu.chat.server.Server handleConnection
INFO: Handling new connection...
Mar 28, 2017 3:46:45 PM codeu.chat.server.Server handleConnection
INFO: Handling new connection...
Mar 28, 2017 3:46:45 PM codeu.chat.server.View getMessages
INFO: in getMessage: UUID=[UUID:100.101.2930845466] range=1
Mar 28, 2017 3:46:45 PM codeu.chat.server.Server handleConnection
INFO: Handling new connection...
Mar 28, 2017 3:46:45 PM codeu.chat.server.View getMessages
INFO: in getMessage: UUID=[UUID:100.101.454968690] range=5
Mar 28, 2017 4:03:03 PM codeu.chat.server.Server handleConnection
INFO: Handling new connection...
Mar 28, 2017 4:03:03 PM codeu.chat.server.Server handleConnection
INFO: Handling new connection...
Mar 28, 2017 4:03:59 PM codeu.chat.server.Server handleConnection
INFO: Handling new connection...
Mar 28, 2017 4:04:20 PM codeu.chat.server.Server handleConnection
INFO: Handling new connection...
Mar 28, 2017 4:04:20 PM codeu.chat.server.Server handleConnection
INFO: Handling new connection...
Mar 28, 2017 4:04:27 PM codeu.chat.server.Server handleConnection
INFO: Handling new connection...
Mar 28, 2017 4:04:31 PM codeu.chat.server.Server handleConnection
INFO: Handling new connection...
Mar 28, 2017 4:04:31 PM codeu.chat.server.Server handleConnection
INFO: Handling new connection...
Mar 28, 2017 4:04:31 PM codeu.chat.server.View getMessages
INFO: in getMessage: UUID=[UUID:100.101.3006724284] range=5
Mar 28, 2017 4:04:41 PM codeu.chat.server.Server handleConnection
INFO: Handling new connection...
Mar 28, 2017 4:04:41 PM codeu.chat.server.Controller newMessage
INFO: Message added: [UUID:100.101.2079862]
Mar 28, 2017 4:04:41 PM codeu.chat.server.Server handleConnection
INFO: Handling new connection...
Mar 28, 2017 4:04:41 PM codeu.chat.server.Server handleConnection
INFO: Handling new connection...
Mar 28, 2017 4:04:41 PM codeu.chat.server.View getMessages
INFO: in getMessage: UUID=[UUID:100.101.454968690] range=1
Mar 28, 2017 4:04:41 PM codeu.chat.server.Server handleConnection
INFO: Handling new connection...
Mar 28, 2017 4:04:41 PM codeu.chat.server.View getMessages
INFO: in getMessage: UUID=[UUID:100.101.2079862] range=5
Mar 28, 2017 4:30:05 PM codeu.chat.server.Server handleConnection
INFO: Handling new connection...
Mar 28, 2017 4:38:08 PM codeu.chat.ServerMain main
INFO: ============================= START OF LOG =============================
Mar 28, 2017 4:38:08 PM codeu.chat.ServerMain main
INFO: Starting server...
Mar 28, 2017 4:38:09 PM codeu.chat.ServerMain runServer
INFO: Server object created.
Mar 28, 2017 4:38:09 PM codeu.chat.ServerMain runServer
INFO: Starting hub...
Mar 28, 2017 4:42:19 PM codeu.chat.server.Server handleConnection
INFO: Handling new connection...
Mar 28, 2017 4:42:28 PM codeu.chat.server.Server handleConnection
INFO: Handling new connection...
Mar 28, 2017 4:42:31 PM codeu.chat.server.Server handleConnection
INFO: Handling new connection...
Mar 28, 2017 4:42:31 PM codeu.chat.server.Controller newUser
INFO: newUser success (user.id=[UUID:100.101.1404696265] user.name=hi user.time=28-Mar-2017 16:42:31.442)
Mar 28, 2017 4:42:31 PM codeu.chat.server.Server handleConnection
INFO: Handling new connection...
Mar 28, 2017 4:42:33 PM codeu.chat.server.Server handleConnection
INFO: Handling new connection...
Mar 31, 2017 1:43:18 PM codeu.chat.ServerMain main
INFO: ============================= START OF LOG =============================
Mar 31, 2017 1:43:18 PM codeu.chat.ServerMain main
INFO: Starting server...
Mar 31, 2017 1:43:18 PM codeu.chat.ServerMain runServer
INFO: Server object created.
Mar 31, 2017 1:43:18 PM codeu.chat.ServerMain runServer
INFO: Starting hub...
Mar 31, 2017 1:43:42 PM codeu.chat.server.Server handleConnection
INFO: Handling new connection...
Mar 31, 2017 1:43:42 PM codeu.chat.server.Server handleConnection
INFO: Handling new connection...
Mar 31, 2017 2:10:18 PM codeu.chat.server.Server handleConnection
INFO: Handling new connection...
Mar 31, 2017 2:10:18 PM codeu.chat.server.Controller newUser
INFO: newUser success (user.id=[UUID:100.101.3035115839] user.name=Annie72 user.time=31-Mar-2017 14:10:18.172)
Mar 31, 2017 2:10:18 PM codeu.chat.server.Server handleConnection
INFO: Handling new connection...
Mar 31, 2017 2:10:18 PM codeu.chat.server.Server handleConnection
INFO: Handling new connection...
Mar 31, 2017 2:10:27 PM codeu.chat.server.Server handleConnection
INFO: Handling new connection...
Mar 31, 2017 2:10:27 PM codeu.chat.server.Controller newUser
INFO: newUser success (user.id=[UUID:100.101.2503031939] user.name=Jonie user.time=31-Mar-2017 14:10:27.847)
Mar 31, 2017 2:10:27 PM codeu.chat.server.Server handleConnection
INFO: Handling new connection...
Mar 31, 2017 2:10:27 PM codeu.chat.server.Server handleConnection
INFO: Handling new connection...
Mar 31, 2017 2:10:39 PM codeu.chat.server.Server handleConnection
INFO: Handling new connection...
Mar 31, 2017 2:10:44 PM codeu.chat.server.Server handleConnection
INFO: Handling new connection...
Mar 31, 2017 2:10:44 PM codeu.chat.server.Controller newConversation
INFO: Conversation added: [UUID:100.101.3567182115]
Mar 31, 2017 2:10:44 PM codeu.chat.server.Server handleConnection
INFO: Handling new connection...
Mar 31, 2017 2:10:44 PM codeu.chat.server.Server handleConnection
INFO: Handling new connection...
Mar 31, 2017 2:10:44 PM codeu.chat.server.Server handleConnection
INFO: Handling new connection...
Mar 31, 2017 2:10:44 PM codeu.chat.server.Server handleConnection
INFO: Handling new connection...
Mar 31, 2017 2:11:04 PM codeu.chat.server.Server handleConnection
INFO: Handling new connection...
Mar 31, 2017 2:11:04 PM codeu.chat.server.Controller newMessage
INFO: Message added: [UUID:100.101.537688849]
Mar 31, 2017 2:11:04 PM codeu.chat.server.Server handleConnection
INFO: Handling new connection...
Mar 31, 2017 2:11:04 PM codeu.chat.server.Server handleConnection
INFO: Handling new connection...
Mar 31, 2017 2:11:04 PM codeu.chat.server.View getMessages
INFO: in getMessage: UUID=[UUID:100.101.537688849] range=5
Mar 31, 2017 2:11:11 PM codeu.chat.server.Server handleConnection
INFO: Handling new connection...
Mar 31, 2017 2:11:11 PM codeu.chat.server.Controller newMessage
INFO: Message added: [UUID:100.101.3158328977]
Mar 31, 2017 2:11:11 PM codeu.chat.server.Server handleConnection
INFO: Handling new connection...
Mar 31, 2017 2:11:11 PM codeu.chat.server.Server handleConnection
INFO: Handling new connection...
Mar 31, 2017 2:11:11 PM codeu.chat.server.View getMessages
INFO: in getMessage: UUID=[UUID:100.101.537688849] range=1
Mar 31, 2017 2:11:11 PM codeu.chat.server.Server handleConnection
INFO: Handling new connection...
Mar 31, 2017 2:11:11 PM codeu.chat.server.View getMessages
INFO: in getMessage: UUID=[UUID:100.101.3158328977] range=5
Mar 31, 2017 2:30:52 PM codeu.chat.server.Server handleConnection
INFO: Handling new connection...
Mar 31, 2017 2:30:52 PM codeu.chat.server.Controller newConversation
INFO: Conversation added: [UUID:100.101.927203738]
Mar 31, 2017 2:30:52 PM codeu.chat.server.Server handleConnection
INFO: Handling new connection...
Mar 31, 2017 2:30:52 PM codeu.chat.server.Server handleConnection
INFO: Handling new connection...
Mar 31, 2017 2:30:52 PM codeu.chat.server.Server handleConnection
INFO: Handling new connection...
Mar 31, 2017 2:30:52 PM codeu.chat.server.Server handleConnection
INFO: Handling new connection...
Mar 31, 2017 2:31:02 PM codeu.chat.server.Server handleConnection
INFO: Handling new connection...
Mar 31, 2017 2:31:02 PM codeu.chat.server.Controller newMessage
INFO: Message added: [UUID:100.101.3887082642]
Mar 31, 2017 2:31:02 PM codeu.chat.server.Server handleConnection
INFO: Handling new connection...
Mar 31, 2017 2:31:02 PM codeu.chat.server.Server handleConnection
INFO: Handling new connection...
Mar 31, 2017 2:31:02 PM codeu.chat.server.View getMessages
INFO: in getMessage: UUID=[UUID:100.101.3887082642] range=5
Mar 31, 2017 2:31:06 PM codeu.chat.server.Server handleConnection
INFO: Handling new connection...
Mar 31, 2017 2:31:06 PM codeu.chat.server.Server handleConnection
INFO: Handling new connection...
Mar 31, 2017 2:31:06 PM codeu.chat.server.View getMessages
INFO: in getMessage: UUID=[UUID:100.101.537688849] range=5
Mar 31, 2017 2:31:07 PM codeu.chat.server.Server handleConnection
INFO: Handling new connection...
Mar 31, 2017 2:31:07 PM codeu.chat.server.Server handleConnection
INFO: Handling new connection...
Mar 31, 2017 2:31:07 PM codeu.chat.server.View getMessages
INFO: in getMessage: UUID=[UUID:100.101.3887082642] range=5
Mar 31, 2017 2:31:07 PM codeu.chat.server.Server handleConnection
INFO: Handling new connection...
Mar 31, 2017 2:31:07 PM codeu.chat.server.Server handleConnection
INFO: Handling new connection...
Mar 31, 2017 2:31:07 PM codeu.chat.server.View getMessages
INFO: in getMessage: UUID=[UUID:100.101.537688849] range=5
Mar 31, 2017 2:31:08 PM codeu.chat.server.Server handleConnection
INFO: Handling new connection...
Mar 31, 2017 2:31:08 PM codeu.chat.server.Server handleConnection
INFO: Handling new connection...
Mar 31, 2017 2:31:08 PM codeu.chat.server.View getMessages
INFO: in getMessage: UUID=[UUID:100.101.3887082642] range=5
Mar 31, 2017 2:31:10 PM codeu.chat.server.Server handleConnection
INFO: Handling new connection...
Mar 31, 2017 2:31:10 PM codeu.chat.server.Server handleConnection
INFO: Handling new connection...
Mar 31, 2017 2:31:10 PM codeu.chat.server.View getMessages
INFO: in getMessage: UUID=[UUID:100.101.537688849] range=5
Mar 31, 2017 2:31:11 PM codeu.chat.server.Server handleConnection
INFO: Handling new connection...
Mar 31, 2017 2:31:11 PM codeu.chat.server.Server handleConnection
INFO: Handling new connection...
Mar 31, 2017 2:31:11 PM codeu.chat.server.View getMessages
INFO: in getMessage: UUID=[UUID:100.101.3887082642] range=5
Mar 31, 2017 2:31:12 PM codeu.chat.server.Server handleConnection
INFO: Handling new connection...
Mar 31, 2017 2:31:12 PM codeu.chat.server.Server handleConnection
INFO: Handling new connection...
Mar 31, 2017 2:31:12 PM codeu.chat.server.View getMessages
INFO: in getMessage: UUID=[UUID:100.101.537688849] range=5
Mar 31, 2017 2:31:12 PM codeu.chat.server.Server handleConnection
INFO: Handling new connection...
Mar 31, 2017 2:31:12 PM codeu.chat.server.Server handleConnection
INFO: Handling new connection...
Mar 31, 2017 2:31:12 PM codeu.chat.server.View getMessages
INFO: in getMessage: UUID=[UUID:100.101.3887082642] range=5
