Mar 28, 2017 2:05:35 PM codeu.chat.ClientMain main
INFO: ============================= START OF LOG =============================
Mar 28, 2017 2:05:35 PM codeu.chat.ClientMain main
INFO: Starting chat client...
Mar 28, 2017 2:05:35 PM codeu.chat.ClientMain main
INFO: Creating client...
Mar 28, 2017 2:05:35 PM codeu.chat.ClientMain main
INFO: Created client
Mar 28, 2017 2:35:47 PM codeu.chat.client.Controller newUser
INFO: newUser: Request completed.
Mar 28, 2017 2:35:47 PM codeu.chat.client.Controller newUser
INFO: newUser: Response completed.
Mar 28, 2017 2:35:47 PM codeu.chat.client.ClientUser addUser
INFO: New user complete, Name= "sliu27" UUID=[UUID:100.101.1725889459]
Mar 28, 2017 2:36:08 PM codeu.chat.client.Controller newUser
INFO: newUser: Request completed.
Mar 28, 2017 2:36:08 PM codeu.chat.client.Controller newUser
INFO: newUser: Response completed.
Mar 28, 2017 2:36:08 PM codeu.chat.client.ClientUser addUser
INFO: New user complete, Name= "addy" UUID=[UUID:100.101.3366083558]
Mar 28, 2017 2:36:15 PM codeu.chat.client.ClientConversation startConversation
INFO: New conversation: Title= "hellofriends" UUID= [UUID:100.101.3033603699]
Mar 28, 2017 2:36:15 PM codeu.chat.client.ClientConversation updateCurrentConversation
INFO: Get Conversation: Title="hellofriends" UUID=[UUID:100.101.3033603699] first=[UUID:0] last=[UUID:0]

Mar 28, 2017 2:36:15 PM codeu.chat.client.ClientMessage updateMessages
INFO: ConversationHead: Title="hellofriends" UUID=[UUID:100.101.3033603699] first=[UUID:0] last=[UUID:0]

Mar 28, 2017 2:36:15 PM codeu.chat.client.ClientMessage getCurrentMessageFetchId
INFO: Refetch all messages: replaceAll=true firstMessage=[UUID:0]
Mar 28, 2017 2:36:15 PM codeu.chat.client.ClientMessage updateMessages
INFO: Retrieved 0 messages for conversation [UUID:100.101.3033603699] (hellofriends).

Mar 28, 2017 2:52:04 PM codeu.chat.client.ClientMessage updateMessages
INFO: ConversationHead: Title="hellofriends" UUID=[UUID:100.101.3033603699] first=[UUID:0] last=[UUID:0]

Mar 28, 2017 2:52:04 PM codeu.chat.client.ClientMessage getCurrentMessageFetchId
INFO: Refetch all messages: replaceAll=true firstMessage=[UUID:0]
Mar 28, 2017 2:52:04 PM codeu.chat.client.ClientMessage updateMessages
INFO: Retrieved 0 messages for conversation [UUID:100.101.3033603699] (hellofriends).

Mar 28, 2017 2:52:04 PM codeu.chat.client.ClientConversation updateCurrentConversation
INFO: Get Conversation: Title="hellofriends" UUID=[UUID:100.101.3033603699] first=[UUID:0] last=[UUID:0]

Mar 28, 2017 2:52:04 PM codeu.chat.client.ClientMessage updateMessages
INFO: ConversationHead: Title="hellofriends" UUID=[UUID:100.101.3033603699] first=[UUID:0] last=[UUID:0]

Mar 28, 2017 2:52:04 PM codeu.chat.client.ClientMessage getCurrentMessageFetchId
INFO: Refetch all messages: replaceAll=true firstMessage=[UUID:0]
Mar 28, 2017 2:52:04 PM codeu.chat.client.ClientMessage updateMessages
INFO: Retrieved 0 messages for conversation [UUID:100.101.3033603699] (hellofriends).

Mar 28, 2017 2:52:24 PM codeu.chat.client.ClientMessage addMessage
INFO: New message:, Author= [UUID:100.101.1725889459] UUID= [UUID:100.101.3006724284]
Mar 28, 2017 2:52:24 PM codeu.chat.client.ClientMessage updateMessages
INFO: ConversationHead: Title="hellofriends" UUID=[UUID:100.101.3033603699] first=[UUID:100.101.3006724284] last=[UUID:100.101.3006724284]

Mar 28, 2017 2:52:24 PM codeu.chat.client.ClientMessage getCurrentMessageFetchId
INFO: Refetch all messages: replaceAll=false firstMessage=[UUID:100.101.3006724284]
Mar 28, 2017 2:52:24 PM codeu.chat.client.ClientMessage updateMessages
INFO: Retrieved 1 messages for conversation [UUID:100.101.3033603699] (hellofriends).

Mar 28, 2017 2:52:29 PM codeu.chat.client.ClientMessage addMessage
INFO: New message:, Author= [UUID:100.101.1725889459] UUID= [UUID:100.101.2930845466]
Mar 28, 2017 2:52:29 PM codeu.chat.client.ClientMessage updateMessages
INFO: ConversationHead: Title="hellofriends" UUID=[UUID:100.101.3033603699] first=[UUID:100.101.3006724284] last=[UUID:100.101.2930845466]

Mar 28, 2017 2:52:29 PM codeu.chat.client.ClientMessage updateMessages
INFO: Retrieved 2 messages for conversation [UUID:100.101.3033603699] (hellofriends).

Mar 28, 2017 4:04:05 PM codeu.chat.ClientMain main
INFO: chat client has exited.
Mar 28, 2017 4:29:55 PM codeu.chat.ClientMain main
INFO: ============================= START OF LOG =============================
Mar 28, 2017 4:29:55 PM codeu.chat.ClientMain main
INFO: Starting chat client...
Mar 28, 2017 4:29:55 PM codeu.chat.ClientMain main
INFO: Creating client...
Mar 28, 2017 4:29:55 PM codeu.chat.ClientMain main
INFO: Created client
Mar 28, 2017 4:30:05 PM codeu.chat.client.ClientUser getName
WARNING: userContext.lookup() failed on ID: [UUID:100.101.1725889459]
Mar 28, 2017 4:30:31 PM codeu.chat.ClientMain main
INFO: chat client has exited.
Mar 28, 2017 4:42:10 PM codeu.chat.ClientMain main
INFO: ============================= START OF LOG =============================
Mar 28, 2017 4:42:10 PM codeu.chat.ClientMain main
INFO: Starting chat client...
Mar 28, 2017 4:42:10 PM codeu.chat.ClientMain main
INFO: Creating client...
Mar 28, 2017 4:42:10 PM codeu.chat.ClientMain main
INFO: Created client
Mar 28, 2017 4:42:31 PM codeu.chat.client.Controller newUser
INFO: newUser: Request completed.
Mar 28, 2017 4:42:31 PM codeu.chat.client.Controller newUser
INFO: newUser: Response completed.
Mar 28, 2017 4:42:31 PM codeu.chat.client.ClientUser addUser
INFO: New user complete, Name= "hi" UUID=[UUID:100.101.1404696265]
